<?xml version="1.0" encoding="UTF-8"?>
<!-- Generated by org.testng.reporters.JUnitXMLReporter -->
<testsuite hostname="L4991840" ignored="0" name="EmployeesRestApiTest" tests="8" failures="1" timestamp="2020-01-30T11:49:27 PST" time="2.387" errors="0">
  <testcase name="CheckContentLength" time="0.006" classname="com.employeeapi.testCases.TC001_Get_All_Employees"/>
  <testcase name="CheckResponseBody" time="0.017" classname="com.employeeapi.testCases.TC001_Get_All_Employees"/>
  <testcase name="CheckResponseTime" time="0.002" classname="com.employeeapi.testCases.TC001_Get_All_Employees"/>
  <testcase name="CheckStatusCode" time="0.001" classname="com.employeeapi.testCases.TC001_Get_All_Employees"/>
  <testcase name="CheckStatusLine" time="0.002" classname="com.employeeapi.testCases.TC001_Get_All_Employees"/>
  <testcase name="DisplayAllHeaders" time="0.001" classname="com.employeeapi.testCases.TC001_Get_All_Employees"/>
  <testcase name="validateResponseBody" time="0.003" classname="com.employeeapi.testCases.TC003_Post_Employee_Record"/>
  <testcase name="verifyStatusCode" time="0.002" classname="com.employeeapi.testCases.TC003_Post_Employee_Record">
    <failure type="java.lang.AssertionError" message="expected [200] but found [400]">
      <![CDATA[java.lang.AssertionError: expected [200] but found [400]
at com.employeeapi.testCases.TC003_Post_Employee_Record.verifyStatusCode(TC003_Post_Employee_Record.java:68)
at java.util.ArrayList.forEach(Unknown Source)
... Removed 32 stack frames]]>
    </failure>
  </testcase> <!-- verifyStatusCode -->
</testsuite> <!-- EmployeesRestApiTest -->
