<?xml version="1.0" encoding="UTF-8"?>
<testng-results skipped="0" failed="1" ignored="0" total="8" passed="7">
  <reporter-output>
  </reporter-output>
  <suite name="Employees Rest API Suite" duration-ms="2387" started-at="2020-01-30T11:49:25 PST" finished-at="2020-01-30T11:49:27 PST">
    <groups>
    </groups>
    <test name="EmployeesRestApiTest" duration-ms="2387" started-at="2020-01-30T11:49:25 PST" finished-at="2020-01-30T11:49:27 PST">
      <class name="com.employeeapi.testCases.TC003_Post_Employee_Record">
        <test-method status="PASS" signature="setUp()[pri:0, instance:com.employeeapi.testCases.TC003_Post_Employee_Record@6895a785]" name="setUp" is-config="true" duration-ms="52" started-at="2020-01-30T11:49:27 PST" finished-at="2020-01-30T11:49:27 PST">
          <reporter-output>
          </reporter-output>
        </test-method> <!-- setUp -->
        <test-method status="PASS" signature="postEmployeeRecord()[pri:0, instance:com.employeeapi.testCases.TC003_Post_Employee_Record@6895a785]" name="postEmployeeRecord" is-config="true" duration-ms="219" started-at="2020-01-30T11:49:27 PST" finished-at="2020-01-30T11:49:27 PST">
          <reporter-output>
          </reporter-output>
        </test-method> <!-- postEmployeeRecord -->
        <test-method status="PASS" signature="validateResponseBody()[pri:0, instance:com.employeeapi.testCases.TC003_Post_Employee_Record@6895a785]" name="validateResponseBody" duration-ms="3" started-at="2020-01-30T11:49:27 PST" finished-at="2020-01-30T11:49:27 PST">
          <reporter-output>
          </reporter-output>
        </test-method> <!-- validateResponseBody -->
        <test-method status="FAIL" signature="verifyStatusCode()[pri:0, instance:com.employeeapi.testCases.TC003_Post_Employee_Record@6895a785]" name="verifyStatusCode" duration-ms="2" started-at="2020-01-30T11:49:27 PST" finished-at="2020-01-30T11:49:27 PST">
          <exception class="java.lang.AssertionError">
            <message>
              <![CDATA[expected [200] but found [400]]]>
            </message>
            <full-stacktrace>
              <![CDATA[java.lang.AssertionError: expected [200] but found [400]
at org.testng.Assert.fail(Assert.java:97)
at org.testng.Assert.assertEqualsImpl(Assert.java:136)
at org.testng.Assert.assertEquals(Assert.java:118)
at org.testng.Assert.assertEquals(Assert.java:839)
at org.testng.Assert.assertEquals(Assert.java:849)
at com.employeeapi.testCases.TC003_Post_Employee_Record.verifyStatusCode(TC003_Post_Employee_Record.java:68)
at sun.reflect.NativeMethodAccessorImpl.invoke0(Native Method)
at sun.reflect.NativeMethodAccessorImpl.invoke(Unknown Source)
at sun.reflect.DelegatingMethodAccessorImpl.invoke(Unknown Source)
at java.lang.reflect.Method.invoke(Unknown Source)
at org.testng.internal.MethodInvocationHelper.invokeMethod(MethodInvocationHelper.java:134)
at org.testng.internal.TestInvoker.invokeMethod(TestInvoker.java:597)
at org.testng.internal.TestInvoker.invokeTestMethod(TestInvoker.java:173)
at org.testng.internal.MethodRunner.runInSequence(MethodRunner.java:46)
at org.testng.internal.TestInvoker$MethodInvocationAgent.invoke(TestInvoker.java:816)
at org.testng.internal.TestInvoker.invokeTestMethods(TestInvoker.java:146)
at org.testng.internal.TestMethodWorker.invokeTestMethods(TestMethodWorker.java:146)
at org.testng.internal.TestMethodWorker.run(TestMethodWorker.java:128)
at java.util.ArrayList.forEach(Unknown Source)
at org.testng.TestRunner.privateRun(TestRunner.java:766)
at org.testng.TestRunner.run(TestRunner.java:587)
at org.testng.SuiteRunner.runTest(SuiteRunner.java:384)
at org.testng.SuiteRunner.runSequentially(SuiteRunner.java:378)
at org.testng.SuiteRunner.privateRun(SuiteRunner.java:337)
at org.testng.SuiteRunner.run(SuiteRunner.java:286)
at org.testng.SuiteRunnerWorker.runSuite(SuiteRunnerWorker.java:53)
at org.testng.SuiteRunnerWorker.run(SuiteRunnerWorker.java:96)
at org.testng.TestNG.runSuitesSequentially(TestNG.java:1187)
at org.testng.TestNG.runSuitesLocally(TestNG.java:1109)
at org.testng.TestNG.runSuites(TestNG.java:1039)
at org.testng.TestNG.run(TestNG.java:1007)
at org.testng.remote.AbstractRemoteTestNG.run(AbstractRemoteTestNG.java:115)
at org.testng.remote.RemoteTestNG.initAndRun(RemoteTestNG.java:251)
at org.testng.remote.RemoteTestNG.main(RemoteTestNG.java:77)
]]>
            </full-stacktrace>
          </exception> <!-- java.lang.AssertionError -->
          <reporter-output>
          </reporter-output>
        </test-method> <!-- verifyStatusCode -->
      </class> <!-- com.employeeapi.testCases.TC003_Post_Employee_Record -->
      <class name="com.employeeapi.testCases.TC001_Get_All_Employees">
        <test-method status="PASS" signature="setUp()[pri:0, instance:com.employeeapi.testCases.TC001_Get_All_Employees@48503868]" name="setUp" is-config="true" duration-ms="61" started-at="2020-01-30T11:49:25 PST" finished-at="2020-01-30T11:49:25 PST">
          <reporter-output>
          </reporter-output>
        </test-method> <!-- setUp -->
        <test-method status="PASS" signature="getAllEmployees()[pri:0, instance:com.employeeapi.testCases.TC001_Get_All_Employees@48503868]" name="getAllEmployees" is-config="true" duration-ms="1976" started-at="2020-01-30T11:49:25 PST" finished-at="2020-01-30T11:49:27 PST">
          <reporter-output>
          </reporter-output>
        </test-method> <!-- getAllEmployees -->
        <test-method status="PASS" signature="CheckContentLength()[pri:0, instance:com.employeeapi.testCases.TC001_Get_All_Employees@48503868]" name="CheckContentLength" duration-ms="6" started-at="2020-01-30T11:49:27 PST" finished-at="2020-01-30T11:49:27 PST">
          <reporter-output>
          </reporter-output>
        </test-method> <!-- CheckContentLength -->
        <test-method status="PASS" signature="CheckResponseBody()[pri:0, instance:com.employeeapi.testCases.TC001_Get_All_Employees@48503868]" name="CheckResponseBody" duration-ms="17" started-at="2020-01-30T11:49:27 PST" finished-at="2020-01-30T11:49:27 PST">
          <reporter-output>
          </reporter-output>
        </test-method> <!-- CheckResponseBody -->
        <test-method status="PASS" signature="CheckResponseTime()[pri:0, instance:com.employeeapi.testCases.TC001_Get_All_Employees@48503868]" name="CheckResponseTime" duration-ms="2" started-at="2020-01-30T11:49:27 PST" finished-at="2020-01-30T11:49:27 PST">
          <reporter-output>
          </reporter-output>
        </test-method> <!-- CheckResponseTime -->
        <test-method status="PASS" signature="CheckStatusCode()[pri:0, instance:com.employeeapi.testCases.TC001_Get_All_Employees@48503868]" name="CheckStatusCode" duration-ms="1" started-at="2020-01-30T11:49:27 PST" finished-at="2020-01-30T11:49:27 PST">
          <reporter-output>
          </reporter-output>
        </test-method> <!-- CheckStatusCode -->
        <test-method status="PASS" signature="CheckStatusLine()[pri:0, instance:com.employeeapi.testCases.TC001_Get_All_Employees@48503868]" name="CheckStatusLine" duration-ms="2" started-at="2020-01-30T11:49:27 PST" finished-at="2020-01-30T11:49:27 PST">
          <reporter-output>
          </reporter-output>
        </test-method> <!-- CheckStatusLine -->
        <test-method status="PASS" signature="DisplayAllHeaders()[pri:0, instance:com.employeeapi.testCases.TC001_Get_All_Employees@48503868]" name="DisplayAllHeaders" duration-ms="1" started-at="2020-01-30T11:49:27 PST" finished-at="2020-01-30T11:49:27 PST">
          <reporter-output>
          </reporter-output>
        </test-method> <!-- DisplayAllHeaders -->
        <test-method status="PASS" signature="tearDown()[pri:0, instance:com.employeeapi.testCases.TC001_Get_All_Employees@48503868]" name="tearDown" is-config="true" duration-ms="0" started-at="2020-01-30T11:49:27 PST" finished-at="2020-01-30T11:49:27 PST">
          <reporter-output>
          </reporter-output>
        </test-method> <!-- tearDown -->
      </class> <!-- com.employeeapi.testCases.TC001_Get_All_Employees -->
    </test> <!-- EmployeesRestApiTest -->
  </suite> <!-- Employees Rest API Suite -->
</testng-results>
